"System",0x60207db3,3,"\\muzzy\disk_d","NTFS","cbba\ready\caboverde",970736604,973762943,29995,-1557204277,447,640,0,0,3,24,0,72,100,5,9497,"1cv.03.jpg_copy.jpg",""
"System",0x60207db3,3,"\\muzzy\disk_d","NTFS","cbba\ready\caboverde",970747247,973762944,19290,50758867,640,440,0,0,3,24,0,100,68,5,8141,"2cv.02.jpg_copy.jpg","Из самолета еще не выпускают..."
"System",0x60207db3,3,"\\muzzy\disk_d","NTFS","cbba\ready\caboverde",970736017,973762944,15401,-126792349,640,438,0,0,3,24,0,100,68,5,7132,"3cv.02a.jpg_copy.jpg",""
"System",0x60207db3,3,"\\muzzy\disk_d","NTFS","cbba\ready\caboverde",970739884,973762944,40527,-1382953342,640,410,0,0,3,24,0,100,64,5,11298,"4cv.12.jpg_copy.jpg","Соц-реализм. Аэропорт острова Сал."
"System",0x60207db3,3,"\\muzzy\disk_d","NTFS","cbba\ready\caboverde",970737159,973762944,36574,-1981781074,640,442,0,0,3,24,0,100,69,5,9740,"5cv.09.jpg_copy.jpg",""
"System",0x60207db3,3,"\\muzzy\disk_d","NTFS","cbba\ready\caboverde",970736764,973762944,22350,1640754846,640,434,0,0,3,24,0,100,67,5,8689,"6cv.10.jpg_copy.jpg","Дети катаются на специальных дощечках по мокрому песку."
"System",0x60207db3,3,"\\muzzy\disk_d","NTFS","cbba\ready\caboverde",970736378,973762944,28633,1148688366,640,429,0,0,3,24,0,100,67,5,9991,"7cv.05.jpg_copy.jpg",""
"System",0x60207db3,3,"\\muzzy\disk_d","NTFS","cbba\ready\caboverde",970739063,973762944,28189,1029049524,640,420,0,0,3,24,0,100,65,5,9073,"8cv.11.jpg_copy.jpg",""
"System",0x60207db3,3,"\\muzzy\disk_d","NTFS","cbba\ready\caboverde",970746978,973762945,40319,1760364831,570,640,0,0,3,24,0,92,100,5,12507,"90cv.16.jpg_copy.jpg","Иллюстрированная статья о ""конных перевозках"" фирменного журнала голландских авиалиний. "
"System",0x60207db3,3,"\\muzzy\disk_d","NTFS","cbba\ready\caboverde",970740321,973762945,46925,-1335989808,640,472,0,0,3,24,0,100,73,5,12059,"91cv.15jpg_copy.jpg",""
"System",0x60207db3,3,"\\muzzy\disk_d","NTFS","cbba\ready\caboverde",970746117,973762945,40295,-1291880401,640,462,0,0,3,24,0,100,72,5,12202,"92cv.14jpg_copy.jpg",""
"System",0x60207db3,3,"\\muzzy\disk_d","NTFS","cbba\ready\caboverde",970843471,973762945,40661,-862777502,429,512,0,0,3,24,0,84,100,5,14931,"93cv.13.jpg_copy.jpg",""
"System",0x60207db3,3,"\\muzzy\disk_d","NTFS","cbba\ready\city",970752045,973762945,34724,245060518,480,640,0,0,3,24,0,76,100,5,9879,"01sp6891404212.jpg_copy.jpg","Атмосферный эффект ""галло"". Наблюдался над городом в течении нескольких часов."
"System",0x60207db3,3,"\\muzzy\disk_d","NTFS","cbba\ready\city",970812858,973762946,37630,-1597939532,640,480,0,0,3,24,0,100,72,5,10424,"02689805444.jpg_copy.jpg",""
"System",0x60207db3,3,"\\muzzy\disk_d","NTFS","cbba\ready\city",970750621,973762946,50045,153955494,640,480,0,0,3,24,0,100,75,5,12225,"1image30.jpg",""
"System",0x60207db3,3,"\\muzzy\disk_d","NTFS","cbba\ready\city",970751769,973762946,56077,1740960198,480,640,0,0,3,24,0,76,100,5,13431,"40689138615.jpg_copy.jpg",""
"System",0x60207db3,3,"\\muzzy\disk_d","NTFS","cbba\ready\city",970825825,973762946,32644,1022379833,640,457,0,0,3,24,0,100,71,5,10704,"45ra21_copy.jpg",""
"System",0x60207db3,3,"\\muzzy\disk_d","NTFS","cbba\ready\city",970813406,973762947,40389,-1087682203,640,412,0,0,3,24,0,100,64,5,9248,"46bc02_copy.jpg",""
"System",0x60207db3,3,"\\muzzy\disk_d","NTFS","cbba\ready\city",970826373,973762947,29457,-1757022312,640,441,0,0,3,24,0,100,69,5,9941,"47ra23_copy.jpg",""
"System",0x60207db3,3,"\\muzzy\disk_d","NTFS","cbba\ready\city",970825358,973762947,41164,-1102705689,640,453,0,0,3,24,0,100,70,5,11372,"48ra20_copy.jpg",""
"System",0x60207db3,3,"\\muzzy\disk_d","NTFS","cbba\ready\city",970819776,973762947,43366,-239192508,640,449,0,0,3,24,0,100,70,5,11776,"52bc28_copy.jpg",""
"System",0x60207db3,3,"\\muzzy\disk_d","NTFS","cbba\ready\city",970822148,973762947,39100,676538169,640,521,0,0,3,24,0,100,81,5,13325,"53bc36_copy.jpg",""
"System",0x60207db3,3,"\\muzzy\disk_d","NTFS","cbba\ready\city",970823009,973762947,43026,-27731289,640,454,0,0,3,24,0,100,70,5,10921,"54bc42_copy.jpg",""
"System",0x60207db3,3,"\\muzzy\disk_d","NTFS","cbba\ready\city",970824419,973762948,43793,1393645603,401,640,0,0,3,24,0,64,100,5,9771,"55bc46_copy.jpg","Симон Боливар"
"System",0x60207db3,3,"\\muzzy\disk_d","NTFS","cbba\ready\city",970821822,973762948,43008,1900879056,347,640,0,0,3,24,0,56,100,5,9800,"59bc38_copy.jpg",""
"System",0x60207db3,3,"\\muzzy\disk_d","NTFS","cbba\ready\city",970822004,973762948,25736,792114612,640,172,0,0,3,24,0,100,26,5,5046,"60bc39_copy.jpg",""
"System",0x60207db3,3,"\\muzzy\disk_d","NTFS","cbba\ready\city",970819638,973762948,46528,2080444478,398,640,0,0,3,24,0,64,100,5,10561,"61bc25_copy.jpg",""
"System",0x60207db3,3,"\\muzzy\disk_d","NTFS","cbba\ready\city",970820087,973762948,54458,-704473856,427,640,0,0,3,24,0,68,100,5,11749,"62bc26_copy.jpg",""
"System",0x60207db3,3,"\\muzzy\disk_d","NTFS","cbba\ready\city",970821208,973762948,40877,53257030,415,640,0,0,3,24,0,68,100,5,9643,"67bc35_copy.jpg",""
"System",0x60207db3,3,"\\muzzy\disk_d","NTFS","cbba\ready\city",970820489,973762949,42208,-1487814119,640,420,0,0,3,24,0,100,65,5,10881,"68bc31_copy.jpg",""
"System",0x60207db3,3,"\\muzzy\disk_d","NTFS","cbba\ready\city",970820640,973762949,46086,-138861710,640,425,0,0,3,24,0,100,66,5,11112,"69bc33_copy.jpg","Главный городской собор"
"System",0x60207db3,3,"\\muzzy\disk_d","NTFS","cbba\ready\city",970820809,973762949,44281,-223287044,442,640,0,0,3,24,0,72,100,5,12286,"70bc32_copy.jpg",""
"System",0x60207db3,3,"\\muzzy\disk_d","NTFS","cbba\ready\city",970751391,973762949,51872,1010331805,640,480,0,0,3,24,0,100,75,5,11615,"75689138780.jpg_copy.jpg",""
"System",0x60207db3,3,"\\muzzy\disk_d","NTFS","cbba\ready\city",970752466,973762949,41159,749567031,640,480,0,0,3,24,0,100,75,5,11484,"76689138793.jpg_copy.jpg",""
"System",0x60207db3,3,"\\muzzy\disk_d","NTFS","cbba\ready\city",970821605,973762949,31156,2000697614,640,474,0,0,3,24,0,100,74,5,9010,"77bc40_copy.jpg","Дорога к городскому кладбищу"
"System",0x60207db3,3,"\\muzzy\disk_d","NTFS","cbba\ready\city",970822820,973762950,43736,506044749,378,640,0,0,3,24,0,60,100,5,10606,"78bc41_copy.jpg",""
"System",0x60207db3,3,"\\muzzy\disk_d","NTFS","cbba\ready\city",970815606,973762950,50255,-295836767,640,412,0,0,3,24,0,100,64,5,10821,"83bc05_copy.jpg","Наверно это гнезда?... Кто знает - подскажите."
"System",0x60207db3,3,"\\muzzy\disk_d","NTFS","cbba\ready\city",970823814,973762950,31931,-1201671744,640,406,0,0,3,24,0,100,63,5,10875,"84bc45_copy.jpg",""
"System",0x60207db3,3,"\\muzzy\disk_d","NTFS","cbba\ready\city",970818053,973762950,47448,357838412,640,423,0,0,3,24,0,100,66,5,11734,"85bc17_copy.jpg","Велосипедное кольцо"
"System",0x60207db3,3,"\\muzzy\disk_d","NTFS","cbba\ready\city",970818968,973762950,45846,-61860899,640,456,0,0,3,24,0,100,71,5,12993,"86bc18_copy.jpg","Велосипедная полиция"
"System",0x60207db3,3,"\\muzzy\disk_d","NTFS","cbba\ready\city",970824085,973762950,51152,-2110234357,426,640,0,0,3,24,0,68,100,5,11640,"87bc47_copy.jpg",""
"System",0x60207db3,3,"\\muzzy\disk_d","NTFS","cbba\ready\city",970815774,973762951,43713,233101065,640,434,0,0,3,24,0,100,67,5,11685,"88bc08_copy.jpg",""
"System",0x60207db3,3,"\\muzzy\disk_d","NTFS","cbba\ready\city",970818428,973762951,43778,1480766626,640,415,0,0,3,24,0,100,65,5,11691,"89bc23_copy.jpg","Главная река. Весной не очень полноводна"
"System",0x60207db3,3,"\\muzzy\disk_d","NTFS","cbba\ready\city",970819276,973762951,46910,1878875754,640,433,0,0,3,24,0,100,67,5,10576,"90bc24_copy.jpg","Белье сушится на колючей проволоке"
"System",0x60207db3,3,"\\muzzy\disk_d","NTFS","cbba\ready\city",970812068,973762951,41710,-33211608,640,480,0,0,3,24,0,100,75,5,8765,"91689139945.jpg_copy.jpg",""
"System",0x60207db3,3,"\\muzzy\disk_d","NTFS","cbba\ready\city",970812218,973762951,51593,-1262190278,640,480,0,0,3,24,0,100,75,5,11171,"92689139959.jpg_copy.jpg","Такие автобусы - основной вид общественного трансопрта"
"System",0x60207db3,3,"\\muzzy\disk_d","NTFS","cbba\ready\city",970823556,973762952,27745,1175341224,640,373,0,0,3,24,0,100,58,5,8714,"93bc44_copy.jpg",""
"System",0x60207db3,3,"\\muzzy\disk_d","NTFS","cbba\ready\city",970823421,973762952,41504,289068975,640,408,0,0,3,24,0,100,63,5,11528,"94bc43_copy.jpg",""
"System",0x60207db3,3,"\\muzzy\disk_d","NTFS","cbba\ready\city",971344894,973762952,51550,1764612043,640,408,0,0,3,24,0,100,63,5,9859,"95art13_copy.jpg","Фото Артема Минакова"
"System",0x60207db3,3,"\\muzzy\disk_d","NTFS","cbba\ready\city",971344518,973762952,57392,604097064,640,426,0,0,3,24,0,100,66,5,11425,"96art12_copy.jpg","Фото Артема Минакова"
"System",0x60207db3,3,"\\muzzy\disk_d","NTFS","cbba\ready\city",971345863,973762952,43316,-1161212247,640,429,0,0,3,24,0,100,67,5,11258,"97art136_copy.jpg","Фото Артема Минакова"
"System",0x60207db3,3,"\\muzzy\disk_d","NTFS","cbba\ready\city",971345111,973762952,41939,-1120269909,640,418,0,0,3,24,0,100,65,5,8852,"98art14_copy.jpg","Вероятно из-за твердой почвы - в воздухе обилие проводов. Фото Артема Минакова"
"System",0x60207db3,3,"\\muzzy\disk_d","NTFS","cbba\ready\city",971345671,973762952,52838,-815348064,420,640,0,0,3,24,0,68,100,5,10876,"99art15_copy.jpg","Фото Артема Минакова"
"System",0x60207db3,3,"\\muzzy\disk_d","NTFS","cbba\ready\city",971336345,973762953,45241,-137238982,640,433,0,0,3,24,0,100,67,5,8587,"art3_copy.jpg","Фото Артема Минакова"
"System",0x60207db3,3,"\\muzzy\disk_d","NTFS","cbba\ready\city",971337765,973762953,31506,-785309235,640,423,0,0,3,24,0,100,66,5,6563,"art5_copy.jpg","Фото Артема Минакова"
"System",0x60207db3,3,"\\muzzy\disk_d","NTFS","cbba\ready\city",970828457,973762953,41536,-1126966706,451,640,0,0,3,24,0,72,100,5,12200,"azra22_copy.jpg",""
"System",0x60207db3,3,"\\muzzy\disk_d","NTFS","cbba\ready\city",970820313,973762953,46122,1283762944,413,640,0,0,3,24,0,64,100,5,11223,"bc29_copy.jpg","Гостиница ""Дипломат"". Мы там жили"
"System",0x60207db3,3,"\\muzzy\disk_d","NTFS","cbba\ready\city",970826023,973762953,37170,-1674202724,640,462,0,0,3,24,0,100,72,5,9137,"ra2134_copy.jpg",""
"System",0x60207db3,3,"\\muzzy\disk_d","NTFS","cbba\ready\city",970826147,973762953,34311,-842273002,640,442,0,0,3,24,0,100,69,5,11038,"ra21529_copy.jpg",""
"System",0x60207db3,3,"\\muzzy\disk_d","NTFS","cbba\ready\city",971348233,973762954,33717,1817833389,420,640,0,0,3,24,0,68,100,5,11206,"zart24_copy.jpg","Фото Артема Минакова"
"System",0x60207db3,3,"\\muzzy\disk_d","NTFS","cbba\ready\country",971071443,973762969,30740,2003803580,457,640,0,0,3,24,0,72,100,5,10769,"01ra19.jpg","Недалеко от Кочабамбы. Фото Михаила Ермишкина"
"System",0x60207db3,3,"\\muzzy\disk_d","NTFS","cbba\ready\country",971078891,973762969,42694,1517089819,640,450,0,0,3,24,0,100,70,5,10664,"02devoshka.jpg","Дорога в Чапаре"
"System",0x60207db3,3,"\\muzzy\disk_d","NTFS","cbba\ready\country",971078651,973762969,34118,867468034,640,436,0,0,3,24,0,100,68,5,11289,"13ic16.jpg","Дорога на Инка-Чаку"
"System",0x60207db3,3,"\\muzzy\disk_d","NTFS","cbba\ready\country",971071138,973762969,46834,396133301,448,640,0,0,3,24,0,72,100,5,13182,"14ra07.jpg","Окрестности дамбы"
"System",0x60207db3,3,"\\muzzy\disk_d","NTFS","cbba\ready\country",971079299,973762969,42037,-188301921,640,415,0,0,3,24,0,100,65,5,11460,"20ra03.jpg","Так называется дамба... Фото Михаила Ермишкина"
"System",0x60207db3,3,"\\muzzy\disk_d","NTFS","cbba\ready\country",971079635,973762970,33111,-2059149719,640,447,0,0,3,24,0,100,70,5,9935,"21ra13.jpg","Дамба. Водохранилище"
"System",0x60207db3,3,"\\muzzy\disk_d","NTFS","cbba\ready\country",971079412,973762970,38810,-175388567,640,429,0,0,3,24,0,100,67,5,12074,"22ra10.jpg","Дамба"
"System",0x60207db3,3,"\\muzzy\disk_d","NTFS","cbba\ready\country",971079805,973762970,49972,2145411115,640,434,0,0,3,24,0,100,67,5,11680,"23ra09.jpg","Дамба"
"System",0x60207db3,3,"\\muzzy\disk_d","NTFS","cbba\ready\country",971341499,973762970,58199,-1089865795,425,640,0,0,3,24,0,68,100,5,12086,"244art10_copy.jpg","По дороге в Инка-Чаку. Фото Артема Минакова"
"System",0x60207db3,3,"\\muzzy\disk_d","NTFS","cbba\ready\country",971080800,973762970,41489,338217458,640,422,0,0,3,24,0,100,65,5,12478,"24vt53.jpg",""
"System",0x60207db3,3,"\\muzzy\disk_d","NTFS","cbba\ready\country",971080537,973762970,41513,-1841980076,640,456,0,0,3,24,0,100,71,5,11219,"25vt52.jpg",""
"System",0x60207db3,3,"\\muzzy\disk_d","NTFS","cbba\ready\country",969533008,973762970,41787,52553994,634,441,0,0,3,24,0,100,69,5,12249,"26vt49.jpg",""
"System",0x60207db3,3,"\\muzzy\disk_d","NTFS","cbba\ready\country",971081612,973762971,50851,-1197898974,640,470,0,0,3,24,0,100,73,5,14516,"31vt39.jpg","Дорога в Чапаре"
"System",0x60207db3,3,"\\muzzy\disk_d","NTFS","cbba\ready\country",971082265,973762971,48070,-1266202107,640,450,0,0,3,24,0,100,70,5,13358,"32ic38.jpg","Инка-Чака"
"System",0x60207db3,3,"\\muzzy\disk_d","NTFS","cbba\ready\country",971081757,973762971,44419,1740859407,640,455,0,0,3,24,0,100,71,5,10771,"33ra16.jpg","Недалеко от Кочабамбы. Фото Михаила Ермишкина"
"System",0x60207db3,3,"\\muzzy\disk_d","NTFS","cbba\ready\country",971339706,973762971,58591,-1874039109,395,640,0,0,3,24,0,64,100,5,10833,"34art9_copy.jpg","Фото Артема Минакова"
"System",0x60207db3,3,"\\muzzy\disk_d","NTFS","cbba\ready\country",971080376,973762971,36104,-957475045,640,452,0,0,3,24,0,100,70,5,12988,"35vt37.jpg","Недалеко от Кочабамбы"
"System",0x60207db3,3,"\\muzzy\disk_d","NTFS","cbba\ready\country",971081954,973762971,44198,164779401,640,491,0,0,3,24,0,100,76,5,11137,"36ra17.jpg","Самая популярная модель. Фото Михаила Ермишкина"
"System",0x60207db3,3,"\\muzzy\disk_d","NTFS","cbba\ready\country",971341809,973762972,46322,2097582753,450,640,0,0,3,24,0,72,100,5,9448,"37art11_copy.jpg","По дороге в Инка-Чаку. Фото Артема Минакова"
"System",0x60207db3,3,"\\muzzy\disk_d","NTFS","cbba\ready\country",971080931,973762972,24581,-1201638921,640,429,0,0,3,24,0,100,67,5,7388,"38ic45.jpg","Инка-Чака"
"System",0x60207db3,3,"\\muzzy\disk_d","NTFS","cbba\ready\citynature",970585470,973762954,50497,1572152635,640,457,0,0,3,24,0,100,71,5,11905,"10bg13_copy.jpg",""
"System",0x60207db3,3,"\\muzzy\disk_d","NTFS","cbba\ready\citynature",970595686,973762954,45222,-1002847108,406,640,0,0,3,24,0,64,100,5,10846,"20bc16_copy.jpg",""
"System",0x60207db3,3,"\\muzzy\disk_d","NTFS","cbba\ready\citynature",970587099,973762955,45889,889733683,421,640,0,0,3,24,0,68,100,5,13066,"30bc19_copy.jpg",""
"System",0x60207db3,3,"\\muzzy\disk_d","NTFS","cbba\ready\citynature",970647553,973762955,45547,1978575253,640,480,0,0,3,24,0,100,75,5,12920,"31street_flowers689803722_copy.jpg",""
"System",0x60207db3,3,"\\muzzy\disk_d","NTFS","cbba\ready\citynature",970724877,973762956,48048,-1259326173,640,480,0,0,3,24,0,100,75,5,13546,"32street_flowers689803573_copy.jpg",""
"System",0x60207db3,3,"\\muzzy\disk_d","NTFS","cbba\ready\citynature",970639757,973762956,50577,-78622252,465,640,0,0,3,24,0,72,100,5,13156,"33bg07_copy.jpg",""
"System",0x60207db3,3,"\\muzzy\disk_d","NTFS","cbba\ready\citynature",970650870,973762957,41224,-140815280,497,640,0,0,3,24,0,80,100,5,10965,"34bg05_copy.jpg",""
"System",0x60207db3,3,"\\muzzy\disk_d","NTFS","cbba\ready\citynature",970640423,973762957,50807,1202649986,640,435,0,0,3,24,0,100,68,5,12691,"35bg08_copy.jpg",""
"System",0x60207db3,3,"\\muzzy\disk_d","NTFS","cbba\ready\citynature",970725362,973762957,52773,335434769,640,480,0,0,3,24,0,100,75,5,11883,"36street_flowers689803852_copy.jpg","Бугенвиллея"
"System",0x60207db3,3,"\\muzzy\disk_d","NTFS","cbba\ready\citynature",970725704,973762957,42189,-1110627545,640,480,0,0,3,24,0,100,75,5,13078,"37street_flowers689803858_copy.jpg","Бугенвиллея"
"System",0x60207db3,3,"\\muzzy\disk_d","NTFS","cbba\ready\citynature",970724431,973762958,64660,-1332025015,640,480,0,0,3,24,0,100,75,5,13229,"38street_flowers689803509_copy.jpg","Бугенвиллея"
"System",0x60207db3,3,"\\muzzy\disk_d","NTFS","cbba\ready\citynature",970723976,973762958,50884,1016323831,640,480,0,0,3,24,0,100,75,5,13308,"39street_flowers689803477_copy.jpg","Бугенвиллея"
"System",0x60207db3,3,"\\muzzy\disk_d","NTFS","cbba\ready\citynature",970643843,973762958,50854,-1884510362,429,640,0,0,3,24,0,68,100,5,12861,"40bc09_copy.jpg","Олеандр"
"System",0x60207db3,3,"\\muzzy\disk_d","NTFS","cbba\ready\citynature",970640041,973762959,49477,-1849105890,640,409,0,0,3,24,0,100,64,5,11899,"41bc10_copy.jpg",""
"System",0x60207db3,3,"\\muzzy\disk_d","NTFS","cbba\ready\citynature",970646124,973762959,52836,-1114793405,640,480,0,0,3,24,0,100,75,5,13272,"42street_flowers689803802_copy.jpg",""
"System",0x60207db3,3,"\\muzzy\disk_d","NTFS","cbba\ready\citynature",970638535,973762959,51045,-1155860446,415,640,0,0,3,24,0,68,100,5,12629,"43bc14_copy.jpg",""
"System",0x60207db3,3,"\\muzzy\disk_d","NTFS","cbba\ready\citynature",970640790,973762960,45535,-179183862,640,480,0,0,3,24,0,100,75,5,13401,"44mvc-019f_copy.jpg","Пальма с финиками"
"System",0x60207db3,3,"\\muzzy\disk_d","NTFS","cbba\ready\citynature",970725621,973762960,50809,1078298279,640,480,0,0,3,24,0,100,75,5,13629,"45street_flowers689803833_copy.jpg","Финики"
"System",0x60207db3,3,"\\muzzy\disk_d","NTFS","cbba\ready\citynature",970642595,973762960,48368,-1563989069,640,462,0,0,3,24,0,100,72,5,12483,"46bc11_copy.jpg",""
"System",0x60207db3,3,"\\muzzy\disk_d","NTFS","cbba\ready\citynature",970641728,973762961,50433,1360285707,640,480,0,0,3,24,0,100,75,5,13234,"47street_flowers689803612_copy.jpg",""
"System",0x60207db3,3,"\\muzzy\disk_d","NTFS","cbba\ready\citynature",970649499,973762961,42857,1876242602,406,640,0,0,3,24,0,64,100,5,11717,"52bg02_copy.jpg","Далее - фотографии из ботанического сада"
"System",0x60207db3,3,"\\muzzy\disk_d","NTFS","cbba\ready\citynature",970652096,973762962,45066,-1046427205,640,442,0,0,3,24,0,100,69,5,12408,"53bg10_copy.jpg","Бюст основателя Кочабамбского Ботанического сада "
"System",0x60207db3,3,"\\muzzy\disk_d","NTFS","cbba\ready\citynature",970652443,973762962,50884,-1858042030,640,429,0,0,3,24,0,100,67,5,12325,"54bg11_copy.jpg",""
"System",0x60207db3,3,"\\muzzy\disk_d","NTFS","cbba\ready\citynature",970653019,973762963,50109,758439253,441,640,0,0,3,24,0,72,100,5,12330,"55bg14_copy.jpg","Эвкалипт"
"System",0x60207db3,3,"\\muzzy\disk_d","NTFS","cbba\ready\citynature",970648788,973762963,37398,757690314,640,416,0,0,3,24,0,100,65,5,11865,"60bc20_copy.jpg",""
"System",0x60207db3,3,"\\muzzy\disk_d","NTFS","cbba\ready\citynature",970651966,973762963,50308,-875797759,640,418,0,0,3,24,0,100,65,5,12467,"61bg09_copy.jpg",""
"System",0x60207db3,3,"\\muzzy\disk_d","NTFS","cbba\ready\citynature",970727941,973762964,43431,-1030782660,640,418,0,0,3,24,0,100,65,5,11573,"62bg06f_copy.jpg",""
"System",0x60207db3,3,"\\muzzy\disk_d","NTFS","cbba\ready\citynature",970651262,973762964,41962,-1630943040,454,640,0,0,3,24,0,72,100,5,12506,"63bg06b_copy.jpg","Фикус"
"System",0x60207db3,3,"\\muzzy\disk_d","NTFS","cbba\ready\citynature",970649117,973762964,40949,-1936762314,389,640,0,0,3,24,0,60,100,5,11284,"64bg01_copy.jpg",""
"System",0x60207db3,3,"\\muzzy\disk_d","NTFS","cbba\ready\citynature",970653621,973762965,50901,657506609,640,437,0,0,3,24,0,100,68,5,12660,"65bg15_copy.jpg","Местное название - ""земляная роза"""
"System",0x60207db3,3,"\\muzzy\disk_d","NTFS","cbba\ready\citynature",970649824,973762965,47459,442043724,640,422,0,0,3,24,0,100,65,5,12234,"66bg03_copy.jpg",""
"System",0x60207db3,3,"\\muzzy\disk_d","NTFS","cbba\ready\citynature",970650393,973762965,41023,1084983219,640,418,0,0,3,24,0,100,65,5,10252,"67bg04_copy.jpg",""
"System",0x60207db3,3,"\\muzzy\disk_d","NTFS","cbba\ready\citynature",970724751,973762965,48352,1097973915,640,480,0,0,3,24,0,100,75,5,13242,"71street_flowers689803495_copy.jpg",""
"System",0x60207db3,3,"\\muzzy\disk_d","NTFS","cbba\ready\citynature",970647080,973762966,42912,-551655808,640,480,0,0,3,24,0,100,75,5,14064,"72street_flowers689803810_copy.jpg",""
"System",0x60207db3,3,"\\muzzy\disk_d","NTFS","cbba\ready\citynature",970654377,973762967,43616,-216536993,640,438,0,0,3,24,0,100,68,5,9221,"73bg18_copy.jpg",""
"System",0x60207db3,3,"\\muzzy\disk_d","NTFS","cbba\ready\citynature",970652964,973762967,50310,1644870007,449,640,0,0,3,24,0,72,100,5,11511,"74bg12_copy.jpg",""
"System",0x60207db3,3,"\\muzzy\disk_d","NTFS","cbba\ready\citynature",970722445,973762968,50278,-1401553101,466,640,0,0,3,24,0,72,100,5,12991,"80bg20_copy.jpg","Араукария"
"System",0x60207db3,3,"\\muzzy\disk_d","NTFS","cbba\ready\citynature",970722079,973762968,50432,-623530816,640,467,0,0,3,24,0,100,73,5,13505,"82bg19_copy.jpg","Араукария"
"System",0x60207db3,3,"\\muzzy\disk_d","NTFS","cbba\ready\citynature",970722832,973762968,40573,-1495278797,640,433,0,0,3,24,0,100,67,5,11591,"81bg23_copy.jpg","Под араукарией"
"System",0x60207db3,3,"\\muzzy\disk_d","NTFS","cbba\ready\citynature",970654114,973762969,50700,196261391,465,640,0,0,3,24,0,72,100,5,12913,"83bg17_copy.jpg",""
"System",0x60207db3,3,"\\muzzy\disk_d","NTFS","cbba\ready\fences",971089935,973762972,55869,666932217,640,442,0,0,3,24,0,100,69,5,12587,"1bo06.jpg","Городские заборы..."
"System",0x60207db3,3,"\\muzzy\disk_d","NTFS","cbba\ready\fences",971091237,973762972,54379,874248375,640,492,0,0,3,24,0,100,76,5,11950,"2bo05.jpg",""
"System",0x60207db3,3,"\\muzzy\disk_d","NTFS","cbba\ready\fences",971082987,973762972,50925,1238285225,640,464,0,0,3,24,0,100,72,5,12422,"3bo01.jpg",""
"System",0x60207db3,3,"\\muzzy\disk_d","NTFS","cbba\ready\fences",971083349,973762972,42260,-767904054,640,460,0,0,3,24,0,100,71,5,9981,"4bo02.jpg",""
"System",0x60207db3,3,"\\muzzy\disk_d","NTFS","cbba\ready\fences",971086887,973762973,56847,-1598044891,640,462,0,0,3,24,0,100,72,5,13009,"5bo03.jpg",""
"System",0x60207db3,3,"\\muzzy\disk_d","NTFS","cbba\ready\fences",971091496,973762973,56967,-6436798,640,415,0,0,3,24,0,100,65,5,11196,"6bo5.jpg",""
"System",0x60207db3,3,"\\muzzy\disk_d","NTFS","cbba\ready\fences",971089640,973762973,36809,-1624470892,640,416,0,0,3,24,0,100,65,5,8346,"7bo2.jpg",""
"System",0x60207db3,3,"\\muzzy\disk_d","NTFS","cbba\ready\fences",971082570,973762973,50622,-268276568,640,480,0,0,3,24,0,100,75,5,10027,"8image19.jpg",""
"System",0x60207db3,3,"\\muzzy\disk_d","NTFS","cbba\ready\fences",971087119,973762973,42281,528858289,640,422,0,0,3,24,0,100,65,5,9895,"90bo4.jpg",""
"System",0x60207db3,3,"\\muzzy\disk_d","NTFS","cbba\ready\fences",971089766,973762973,44265,172282972,640,414,0,0,3,24,0,100,64,5,10056,"91bo1.jpg",""
"System",0x60207db3,3,"\\muzzy\disk_d","NTFS","cbba\ready\fences",971087289,973762974,41291,436021000,640,412,0,0,3,24,0,100,64,5,9117,"93bo3.jpg",""
"System",0x60207db3,3,"\\muzzy\disk_d","NTFS","cbba\ready\holiday",971270578,973762974,48536,-1848455056,411,640,0,0,3,24,0,64,100,5,10245,"010prazdnik4.jpg",""
"System",0x60207db3,3,"\\muzzy\disk_d","NTFS","cbba\ready\holiday",971247931,973762974,50896,-1615770182,640,417,0,0,3,24,0,100,65,5,10743,"020prazdnik.jpg",""
"System",0x60207db3,3,"\\muzzy\disk_d","NTFS","cbba\ready\holiday",971256674,973762974,48946,1073341907,640,413,0,0,3,24,0,100,64,5,10450,"030prazdnik19.jpg",""
"System",0x60207db3,3,"\\muzzy\disk_d","NTFS","cbba\ready\holiday",971249474,973762974,49133,627813654,418,640,0,0,3,24,0,68,100,5,11846,"040prazdnik15.jpg",""
"System",0x60207db3,3,"\\muzzy\disk_d","NTFS","cbba\ready\holiday",971258297,973762974,42459,-1000946065,400,520,0,0,3,24,0,76,100,5,12890,"050prazdnik22.jpg",""
"System",0x60207db3,3,"\\muzzy\disk_d","NTFS","cbba\ready\holiday",971255914,973762975,41571,1168546347,640,417,0,0,3,24,0,100,65,5,9101,"060prazdnik2.jpg",""
"System",0x60207db3,3,"\\muzzy\disk_d","NTFS","cbba\ready\holiday",971328640,973762975,55228,433860230,640,419,0,0,3,24,0,100,65,5,11212,"070prazdnik9.jpg",""
"System",0x60207db3,3,"\\muzzy\disk_d","NTFS","cbba\ready\holiday",971271215,973762975,50939,306549518,411,640,0,0,3,24,0,64,100,5,10386,"080prazdnik7.jpg",""
"System",0x60207db3,3,"\\muzzy\disk_d","NTFS","cbba\ready\holiday",971333806,973762975,56720,1196221608,640,448,0,0,3,24,0,100,70,5,12181,"081prazdnik28.jpg",""
"System",0x60207db3,3,"\\muzzy\disk_d","NTFS","cbba\ready\holiday",971257878,973762975,53937,-1901645293,640,422,0,0,3,24,0,100,65,5,11176,"090prazdnik21.jpg",""
"System",0x60207db3,3,"\\muzzy\disk_d","NTFS","cbba\ready\holiday",971258864,973762975,49597,-33410664,640,409,0,0,3,24,0,100,64,5,10450,"101prazdnik24.jpg",""
"System",0x60207db3,3,"\\muzzy\disk_d","NTFS","cbba\ready\holiday",971249858,973762976,44909,-21793976,640,411,0,0,3,24,0,100,64,5,9909,"102prazdnik16.jpg",""
"System",0x60207db3,3,"\\muzzy\disk_d","NTFS","cbba\ready\holiday",971332988,973762976,52838,-560263455,640,431,0,0,3,24,0,100,67,5,9473,"103prazdnik27.jpg",""
"System",0x60207db3,3,"\\muzzy\disk_d","NTFS","cbba\ready\holiday",971329912,973762976,55002,286148473,640,446,0,0,3,24,0,100,69,5,10523,"105prazdnik26.jpg",""
"System",0x60207db3,3,"\\muzzy\disk_d","NTFS","cbba\ready\holiday",971154345,973762976,40411,-1482314072,640,415,0,0,3,24,0,100,65,5,9283,"106prazdnik11.jpg",""
"System",0x60207db3,3,"\\muzzy\disk_d","NTFS","cbba\ready\holiday",971271052,973762976,57141,450471679,640,416,0,0,3,24,0,100,65,5,9754,"107prazdnik6.jpg",""
"System",0x60207db3,3,"\\muzzy\disk_d","NTFS","cbba\ready\holiday",971154900,973762976,47349,1185790252,640,414,0,0,3,24,0,100,64,5,10557,"108prazdnik10.jpg",""
"System",0x60207db3,3,"\\muzzy\disk_d","NTFS","cbba\ready\holiday",971270835,973762977,56172,-563799122,640,421,0,0,3,24,0,100,65,5,11174,"109prazdnik5.jpg",""
"System",0x60207db3,3,"\\muzzy\disk_d","NTFS","cbba\ready\holiday",971255483,973762977,46159,1929859543,640,408,0,0,3,24,0,100,63,5,9395,"110prazdnik17.jpg",""
"System",0x60207db3,3,"\\muzzy\disk_d","NTFS","cbba\ready\holiday",971153843,973762977,44282,1890012510,640,413,0,0,3,24,0,100,64,5,10073,"111prazdnik12.jpg",""
"System",0x60207db3,3,"\\muzzy\disk_d","NTFS","cbba\ready\holiday",971259234,973762977,53317,-1493276041,640,417,0,0,3,24,0,100,65,5,11038,"203prazdnik25.jpg",""
"System",0x60207db3,3,"\\muzzy\disk_d","NTFS","cbba\ready\holiday",971248788,973762977,40965,-108260825,397,640,0,0,3,24,0,64,100,5,10093,"204prazdnik13.jpg",""
"System",0x60207db3,3,"\\muzzy\disk_d","NTFS","cbba\ready\nature",971353834,973762978,52015,234216008,463,640,0,0,3,24,0,72,100,5,11913,"010ic40_copy.jpg","Инка-Чака"
"System",0x60207db3,3,"\\muzzy\disk_d","NTFS","cbba\ready\nature",971353450,973762978,49358,344816260,640,448,0,0,3,24,0,100,70,5,10999,"020ic44_copy.jpg","Дорога в Чапаре"
"System",0x60207db3,3,"\\muzzy\disk_d","NTFS","cbba\ready\nature",971352592,973762978,45134,1906504160,640,454,0,0,3,24,0,100,70,5,9875,"030ic37_copy.jpg","Инка-Чака"
"System",0x60207db3,3,"\\muzzy\disk_d","NTFS","cbba\ready\nature",971352822,973762978,53859,-2146585070,466,640,0,0,3,24,0,72,100,5,11439,"040ic39_copy.jpg","Инка-Чака"
"System",0x60207db3,3,"\\muzzy\disk_d","NTFS","cbba\ready\nature",971354919,973762978,53402,476037792,640,480,0,0,3,24,0,100,75,5,14401,"050vt12_copy.jpg","Инка-Чака"
"System",0x60207db3,3,"\\muzzy\disk_d","NTFS","cbba\ready\nature",971351634,973762979,56021,1812150098,640,468,0,0,3,24,0,100,73,5,12092,"060ic29_copy.jpg","Инка-Чака"
"System",0x60207db3,3,"\\muzzy\disk_d","NTFS","cbba\ready\nature",971352069,973762979,43896,2103027759,640,474,0,0,3,24,0,100,74,5,11068,"070ic32_copy.jpg","Инка-Чака"
"System",0x60207db3,3,"\\muzzy\disk_d","NTFS","cbba\ready\nature",971371372,973762979,54704,-2034981453,640,449,0,0,3,24,0,100,70,5,13471,"080vt14_copy.jpg","Чапаре"
"System",0x60207db3,3,"\\muzzy\disk_d","NTFS","cbba\ready\nature",971372245,973762979,55610,1221022131,640,454,0,0,3,24,0,100,70,5,12778,"090vt30_copy.jpg","Чапаре"
"System",0x60207db3,3,"\\muzzy\disk_d","NTFS","cbba\ready\nature",971349227,973762979,28702,-735331413,428,640,0,0,3,24,0,68,100,5,8482,"100art6_copy.jpg","Чапаре. Фото Артема Минакова"
"System",0x60207db3,3,"\\muzzy\disk_d","NTFS","cbba\ready\nature",971348749,973762980,54001,993435566,431,640,0,0,3,24,0,68,100,5,10652,"101art20_copy.jpg","Чапаре. Фото Артема Минакова"
"System",0x60207db3,3,"\\muzzy\disk_d","NTFS","cbba\ready\nature",971371931,973762980,43804,-1376497253,640,458,0,0,3,24,0,100,71,5,11860,"102vt26_copy.jpg","Чапаре"
"System",0x60207db3,3,"\\muzzy\disk_d","NTFS","cbba\ready\nature",971353362,973762980,49353,-2084282559,640,443,0,0,3,24,0,100,69,5,11140,"205ra06_copy.jpg","Окрестности дамбы"
"System",0x60207db3,3,"\\muzzy\disk_d","NTFS","cbba\ready\nature",971349334,973762980,53784,995875245,640,412,0,0,3,24,0,100,64,5,10180,"206bc07_copy.jpg","Пригороды Кочабамбы"
"System",0x60207db3,3,"\\muzzy\disk_d","NTFS","cbba\ready\nature",971350580,973762980,35308,624068679,640,426,0,0,3,24,0,100,66,5,9936,"207ic13_copy.jpg","Пригороды Кочабамбы"
"System",0x60207db3,3,"\\muzzy\disk_d","NTFS","cbba\ready\nature",971349074,973762980,48887,1250873725,640,411,0,0,3,24,0,100,64,5,11785,"208bc04_copy.jpg","Пригороды Кочабамбы"
"System",0x60207db3,3,"\\muzzy\disk_d","NTFS","cbba\ready\nature",969543282,973762981,46638,214814016,640,445,0,0,3,24,0,100,69,5,12274,"209vt004_kaktusy_copy.jpg","Пригороды Кочабамбы"
"System",0x60207db3,3,"\\muzzy\disk_d","NTFS","cbba\ready\nature",971373064,973762981,38996,-939115532,640,445,0,0,3,24,0,100,69,5,11870,"210vt38_copy.jpg","Пригороды Кочабамбы"
"System",0x60207db3,3,"\\muzzy\disk_d","NTFS","cbba\ready\nature",971353028,973762982,48211,1339641131,640,461,0,0,3,24,0,100,72,5,13035,"211ra08_copy.jpg","Пригороды Кочабамбы"
"System",0x60207db3,3,"\\muzzy\disk_d","NTFS","cbba\ready\nature",971373602,973762982,54087,527796382,640,455,0,0,3,24,0,100,71,5,11838,"212409vt35_copy.jpg","По дороге в Инка-Чаку"
"System",0x60207db3,3,"\\muzzy\disk_d","NTFS","cbba\ready\nature",971353568,973762982,37085,-2074984335,446,640,0,0,3,24,0,72,100,5,9418,"300ic41_copy.jpg","Инка-Чака"
"System",0x60207db3,3,"\\muzzy\disk_d","NTFS","cbba\ready\nature",971352404,973762982,55076,-1518288257,640,461,0,0,3,24,0,100,72,5,10855,"301ic31_copy.jpg","Инка-Чака"
"System",0x60207db3,3,"\\muzzy\disk_d","NTFS","cbba\ready\nature",971354049,973762982,55913,1765739431,640,434,0,0,3,24,0,100,67,5,11315,"301vt04_copy.jpg","Чапаре"
"System",0x60207db3,3,"\\muzzy\disk_d","NTFS","cbba\ready\nature",971346431,973762982,52934,-862454354,430,640,0,0,3,24,0,68,100,5,13118,"302art17_copy.jpg","Инка-Чака. Фото Артема Минакова"
"System",0x60207db3,3,"\\muzzy\disk_d","NTFS","cbba\ready\nature",971348506,973762983,52635,1631973882,417,640,0,0,3,24,0,68,100,5,11012,"303art21_copy.jpg","Инка-Чака. Фото Артема Минакова"
"System",0x60207db3,3,"\\muzzy\disk_d","NTFS","cbba\ready\nature",971350021,973762983,50602,347755812,640,429,0,0,3,24,0,100,67,5,9230,"304ic05_copy.jpg","Инка-Чака. "
"System",0x60207db3,3,"\\muzzy\disk_d","NTFS","cbba\ready\nature",971350180,973762983,47336,1866337825,640,445,0,0,3,24,0,100,69,5,9604,"305ic18_copy.jpg","Инка-Чака. "
"System",0x60207db3,3,"\\muzzy\disk_d","NTFS","cbba\ready\nature",971350839,973762983,36198,-1206424162,458,640,0,0,3,24,0,72,100,5,8423,"306ic23_copy.jpg","Инка-Чака. "
"System",0x60207db3,3,"\\muzzy\disk_d","NTFS","cbba\ready\nature",971350704,973762983,55726,-1886237520,449,640,0,0,3,24,0,72,100,5,12415,"310ic20_copy.jpg","Инка-Чака. "
"System",0x60207db3,3,"\\muzzy\disk_d","NTFS","cbba\ready\nature",971351149,973762983,49093,-93971905,640,478,0,0,3,24,0,100,74,5,12657,"311ic27_copy.jpg","Инка-Чака. "
"System",0x60207db3,3,"\\muzzy\disk_d","NTFS","cbba\ready\nature",971348444,973762984,57387,1739530176,640,425,0,0,3,24,0,100,66,5,12232,"312art19_copy.jpg","Инка-Чака. Фото Артема Минакова"
"System",0x60207db3,3,"\\muzzy\disk_d","NTFS","cbba\ready\nature",971337019,973762984,53479,-1147388456,430,640,0,0,3,24,0,68,100,5,10639,"313art4_copy.jpg","Инка-Чака. Фото Артема Минакова"
"System",0x60207db3,3,"\\muzzy\disk_d","NTFS","cbba\ready\nature",971349129,973762984,31402,-898985977,430,640,0,0,3,24,0,68,100,5,11084,"314art8_copy.jpg","Чапаре. Фото Артема Минакова"
"System",0x60207db3,3,"\\muzzy\disk_d","NTFS","cbba\ready\nature",971349186,973762984,42077,-1997637004,435,640,0,0,3,24,0,68,100,5,9648,"315vt10art7.jpg","Инка-Чака. Фото Артема Минакова"
"System",0x60207db3,3,"\\muzzy\disk_d","NTFS","cbba\ready\nature",971354355,973762984,41184,475668511,640,514,0,0,3,24,0,100,80,5,10498,"316vt09_copy.jpg","Чапаре"
"System",0x60207db3,3,"\\muzzy\disk_d","NTFS","cbba\ready\nature",971354187,973762984,50904,2066740027,446,640,0,0,3,24,0,72,100,5,11302,"317vt11_copy.jpg","Чапаре. Воздушные корни"
"System",0x60207db3,3,"\\muzzy\disk_d","NTFS","cbba\ready\nature",971351904,973762985,45821,-1414907036,458,640,0,0,3,24,0,72,100,5,11762,"318ic36_copy.jpg","Инка-Чака"
"System",0x60207db3,3,"\\muzzy\disk_d","NTFS","cbba\ready\nature",971351820,973762985,55059,578850699,462,640,0,0,3,24,0,72,100,5,13303,"319ic30_copy.jpg","Инка-Чака."
"System",0x60207db3,3,"\\muzzy\disk_d","NTFS","cbba\ready\nature",971348920,973762985,54787,-441130240,640,406,0,0,3,24,0,100,63,5,10879,"320art23_copy.jpg","Фото Артема Минакова"
"System",0x60207db3,3,"\\muzzy\disk_d","NTFS","cbba\ready\nature",971351286,973762985,56649,1928860810,460,640,0,0,3,24,0,72,100,5,11473,"321ic26_copy.jpg","Инка-Чака. "
"System",0x60207db3,3,"\\muzzy\disk_d","NTFS","cbba\ready\nature",971372130,973762985,56177,-1755201121,640,491,0,0,3,24,0,100,76,5,11677,"330vt23_copy.jpg","Чапаре."
"System",0x60207db3,3,"\\muzzy\disk_d","NTFS","cbba\ready\nature",971370974,973762985,44817,-345698831,640,469,0,0,3,24,0,100,73,5,13514,"331vt18_copy.jpg","Чапаре. Капуцин"
"System",0x60207db3,3,"\\muzzy\disk_d","NTFS","cbba\ready\nature",971371488,973762986,43528,-520876217,640,446,0,0,3,24,0,100,69,5,12185,"332vt21_copy.jpg","Чапаре. Капуцин"
"System",0x60207db3,3,"\\muzzy\disk_d","NTFS","cbba\ready\nature",971372007,973762986,45887,-1586601421,640,454,0,0,3,24,0,100,70,5,7100,"400vt25_copy.jpg","Чапаре"
"System",0x60207db3,3,"\\muzzy\disk_d","NTFS","cbba\ready\nature",971371687,973762986,49579,-212817336,438,640,0,0,3,24,0,68,100,5,9471,"401vt29_copy.jpg","Чапаре.  Слева - Анатолий Стаценко"
"System",0x60207db3,3,"\\muzzy\disk_d","NTFS","cbba\ready\nature",971353910,973762986,40228,-1557709996,640,461,0,0,3,24,0,100,72,5,10752,"402vt03_copy.jpg","Чапаре. Спиной к нам - Михаил Ермишкин"
"System",0x60207db3,3,"\\muzzy\disk_d","NTFS","cbba\ready\nature",971353261,973762986,36963,1301391831,442,640,0,0,3,24,0,72,100,5,9108,"403vt01_copy.jpg","Фото Анатолия Стаценко. Улыбается - Павел Северов"
"System",0x60207db3,3,"\\muzzy\disk_d","NTFS","cbba\ready\nature",971693364,973762987,56787,-1914074908,432,640,0,0,3,24,0,68,100,5,12764,"404art01_copy.jpg","Фото Артема Минакова"
"System",0x60207db3,3,"\\muzzy\disk_d","NTFS","cbba\ready\nature",971370677,973762987,42780,1417546788,490,640,0,0,3,24,0,76,100,5,13342,"405vt20_copy.jpg","Чапаре. Капуцин на руках у начальника местной биологической станции "
"System",0x60207db3,3,"\\muzzy\disk_d","NTFS","cbba\ready\nature",971371048,973762987,37160,-263868739,640,458,0,0,3,24,0,100,71,5,10431,"406vt17_copy.jpg","Чапаре"
"System",0x60207db3,3,"\\muzzy\disk_d","NTFS","cbba\ready\nature",971354439,973762987,39222,165036865,640,480,0,0,3,24,0,100,75,5,13244,"407vt07_copy.jpg","Чапаре. Неизвестное животное..."
"System",0x60207db3,3,"\\muzzy\disk_d","NTFS","cbba\ready\nature",971354806,973762987,57310,307739220,448,640,0,0,3,24,0,72,100,5,11359,"408vt05_copy.jpg","...все время искало еду... Попугая звали Педро"
"System",0x60207db3,3,"\\muzzy\disk_d","NTFS","cbba\ready\nature",971351376,973762987,42853,-1259194880,442,640,0,0,3,24,0,72,100,5,11133,"409ic24_copy.jpg","Инка-Чака"
"System",0x60207db3,3,"\\muzzy\disk_d","NTFS","cbba\ready\nature",971370598,973762988,47692,-2500412,640,506,0,0,3,24,0,100,79,5,14950,"410vt13_copy.jpg","Чапаре"
"System",0x60207db3,3,"\\muzzy\disk_d","NTFS","cbba\ready\nature",971371191,973762988,51597,-716457997,640,445,0,0,3,24,0,100,69,5,13203,"411vt16_copy.jpg","Чапаре. Муравьи-листорезы"
"System",0x60207db3,3,"\\muzzy\disk_d","NTFS","cbba\ready\nature",971350502,973762988,23277,1671169858,640,442,0,0,3,24,0,100,69,5,5471,"412ic14_copy.jpg","Инка-Чака"
"System",0x60207db3,3,"\\muzzy\disk_d","NTFS","cbba\ready\nature",971372925,973762988,51769,-392553997,640,482,0,0,3,24,0,100,75,5,10060,"500vt40_copy.jpg","Дорога в Чапаре. ""Зона геологической нестабильности"" через каждый километр"
"System",0x60207db3,3,"\\muzzy\disk_d","NTFS","cbba\ready\nature",971371825,973762988,53914,-712341092,640,438,0,0,3,24,0,100,68,5,10026,"501vt27_copy.jpg","Чапаре"
"System",0x60207db3,3,"\\muzzy\disk_d","NTFS","cbba\ready\nature",971372737,973762988,45233,-1069516884,640,435,0,0,3,24,0,100,68,5,8602,"502vt31_copy.jpg","Чапаре"
"System",0x60207db3,3,"\\muzzy\disk_d","NTFS","cbba\ready\nature",971785050,973762989,73461,726623835,634,452,2835,2835,3,24,0,100,71,5,9832,"503vt48.jpg","Дорога в Чапаре"
"System",0x60207db3,3,"\\muzzy\disk_d","NTFS","cbba\ready\nature",971785112,973762990,84892,178984710,457,639,2835,2835,3,24,0,72,100,5,12679,"504vt43.jpg","Дорога в Чапаре"
"System",0x60207db3,3,"\\muzzy\disk_d","NTFS","cbba\ready\nature",971785144,973762991,96081,1022661375,636,455,2835,2835,3,24,0,100,71,5,12529,"505vt41.jpg","Дорога в Чапаре"
"System",0x60207db3,3,"\\muzzy\disk_d","NTFS","cbba\ready\nature",971785240,973762991,75959,2051212736,635,442,2835,2835,3,24,0,100,69,5,10150,"506vt44.jpg","Дорога в Чапаре"
"System",0x60207db3,3,"\\muzzy\disk_d","NTFS","cbba\ready\nature",971353698,973762991,37317,-86133795,444,640,0,0,3,24,0,72,100,5,9930,"507ic42_copy.jpg","Дорога в Чапаре"
"System",0x60207db3,3,"\\muzzy\disk_d","NTFS","cbba\ready\office",972806140,973762991,46606,196984523,640,446,0,0,3,24,0,100,69,5,11339,"1ra01.jpg","Хлеб-соль по-английски от Тони и Хани"
"System",0x60207db3,3,"\\muzzy\disk_d","NTFS","cbba\ready\office",972806881,973762992,50493,1557186656,640,480,0,0,3,24,0,100,75,5,11555,"2689138496.jpg","Главное действующее лицо - коммутатор GSM от Nokia"
"System",0x60207db3,3,"\\muzzy\disk_d","NTFS","cbba\ready\office",972807657,973762993,34623,229892748,640,455,0,0,3,24,0,100,71,5,11327,"74of02.jpg","Сисадмин Марко"
"System",0x60207db3,3,"\\muzzy\disk_d","NTFS","cbba\ready\office",972807549,973762993,41305,-51323425,640,493,0,0,3,24,0,100,77,5,12078,"73of03.jpg","Дама-сисадмин Лени"
"System",0x60207db3,3,"\\muzzy\disk_d","NTFS","cbba\ready\office",972807111,973762992,37396,-532866217,640,471,0,0,3,24,0,100,73,5,9903,"67of01.jpg","Сисадмин Алекс"
"System",0x60207db3,3,"\\muzzy\disk_d","NTFS","cbba\ready\office",972807214,973762993,29244,737103510,640,585,0,0,3,24,0,100,91,5,8628,"71art.jpg","Сотрудник Nuevatel. Фото Артема Минакова"
"System",0x60207db3,3,"\\muzzy\disk_d","NTFS","cbba\ready\office",972807361,973762993,32845,1332408281,640,480,0,0,3,24,0,100,75,5,11339,"72689805603.jpg","Бразильцы Арлон и Майк"
"System",0x60207db3,3,"\\muzzy\disk_d","NTFS","cbba\ready\office",972818679,973762994,37023,-1732738833,640,480,0,0,3,24,0,100,75,5,11362,"80689805595.jpg","Крис"
"System",0x60207db3,3,"\\muzzy\disk_d","NTFS","cbba\ready\office",972806247,973762992,28584,38441057,640,480,0,0,3,24,0,100,75,5,8793,"5689141454.jpg","Хани"
"System",0x60207db3,3,"\\muzzy\disk_d","NTFS","cbba\ready\office",972806954,973762992,49851,951663881,640,480,0,0,3,24,0,100,75,5,10803,"6689141613.jpg","Тони"
"System",0x60207db3,3,"\\muzzy\disk_d","NTFS","cbba\ready\office",972807716,973762993,30115,1813525311,640,404,0,0,3,24,0,100,63,5,8233,"75of04.jpg","Михаил Ермишкин"
"System",0x60207db3,3,"\\muzzy\disk_d","NTFS","cbba\ready\office",966727938,973762994,55069,-1066620561,640,480,0,0,3,24,0,100,75,5,10948,"78689141431.jpg","Артем Минаков"
"System",0x60207db3,3,"\\muzzy\disk_d","NTFS","cbba\ready\office",974059728,974059855,35533,1709657602,640,480,0,0,3,24,0,100,75,5,9468,"689138082_copy.jpg","Анатолий Стаценко"
"System",0x60207db3,3,"\\muzzy\disk_d","NTFS","cbba\ready\office",972807965,973762993,49161,-843742793,640,480,0,0,3,24,0,100,75,5,11117,"77689139438.jpg","Павел Северов"
"System",0x60207db3,3,"\\muzzy\disk_d","NTFS","cbba\ready\office",972806814,973762992,51512,-1136549094,640,480,0,0,3,24,0,100,75,5,11304,"3689141603.jpg","В офисе Nuevatel"
"System",0x60207db3,3,"\\muzzy\disk_d","NTFS","cbba\ready\office",972806741,973762992,52368,622219206,640,480,0,0,3,24,0,100,75,5,11034,"4689137770.jpg","Главный тренер Байо"
"System",0x60207db3,3,"\\muzzy\disk_d","NTFS","cbba\ready\office",966727928,973762994,69739,-433293789,640,480,0,0,3,24,0,100,75,5,12776,"81689137820.jpg","Счастливые студенты"
"System",0x60207db3,3,"\\muzzy\disk_d","NTFS","cbba\ready\office",972818387,973762994,34473,1228411522,640,402,0,0,3,24,0,100,62,5,9361,"82rest03.jpg",""
"System",0x60207db3,3,"\\muzzy\disk_d","NTFS","cbba\ready\office",972818245,973762995,43891,-1109976802,640,434,0,0,3,24,0,100,67,5,9483,"83rest02.jpg",""
"System",0x60207db3,3,"\\muzzy\disk_d","NTFS","cbba\ready\office",972818751,973762995,34538,1659172242,640,431,0,0,3,24,0,100,67,5,9139,"84rest04.jpg",""
"System",0x60207db3,3,"\\muzzy\disk_d","NTFS","cbba\ready\people",971805880,973762995,50643,-452106137,404,640,0,0,3,24,0,64,100,5,11795,"001bc12_copy.jpg","Ремонт моего велосипеда"
"System",0x60207db3,3,"\\muzzy\disk_d","NTFS","cbba\ready\people",971463293,973762995,66446,287529454,640,480,0,0,3,24,0,100,75,5,12646,"003689139744_copy.jpg",""
"System",0x60207db3,3,"\\muzzy\disk_d","NTFS","cbba\ready\people",971798666,973762995,48919,-76377999,439,640,0,0,3,24,0,68,100,5,12555,"004aa06_copy.jpg","Два апельсина - готов стакан сока"
"System",0x60207db3,3,"\\muzzy\disk_d","NTFS","cbba\ready\people",971805822,973762996,55141,-1829149952,640,466,0,0,3,24,0,100,72,5,12153,"004bc27_copy.jpg",""
"System",0x60207db3,3,"\\muzzy\disk_d","NTFS","cbba\ready\people",969608958,973762996,53816,-1494495093,457,640,0,0,3,24,0,72,100,5,13242,"005vt005_malysh_jpg.jpg",""
"System",0x60207db3,3,"\\muzzy\disk_d","NTFS","cbba\ready\people",971792293,973762997,54574,-1981601987,640,458,0,0,3,24,0,100,71,5,12234,"006aa01_copy.jpg",""
"System",0x60207db3,3,"\\muzzy\disk_d","NTFS","cbba\ready\people",971806110,973762997,54248,-218718341,640,443,0,0,3,24,0,100,69,5,11125,"007art2_copy.jpg","Фото Артема Минакова"
"System",0x60207db3,3,"\\muzzy\disk_d","NTFS","cbba\ready\people",971798889,973762997,49534,-765215046,423,640,0,0,3,24,0,68,100,5,10602,"008art1_copy.jpg","Фото Артема Минакова"
"System",0x60207db3,3,"\\muzzy\disk_d","NTFS","cbba\ready\people",971807158,973762997,52936,-1229114936,640,445,0,0,3,24,0,100,69,5,10604,"031strit4_copy.jpg",""
"System",0x60207db3,3,"\\muzzy\disk_d","NTFS","cbba\ready\people",972203946,973762997,37892,407397635,410,515,0,0,3,24,0,80,100,5,11504,"032strit5_copy.jpg","У этой дамы я купил пончо"
"System",0x60207db3,3,"\\muzzy\disk_d","NTFS","cbba\ready\people",972204028,973762997,41972,199118526,640,440,0,0,3,24,0,100,68,5,9174,"033strit7_copy.jpg","У этой - бусы"
"System",0x60207db3,3,"\\muzzy\disk_d","NTFS","cbba\ready\people",972205482,973762997,54959,-1301399856,640,443,0,0,3,24,0,100,69,5,11122,"030strit8_copy.jpg","А у этой - цветочную рассаду"
"System",0x60207db3,3,"\\muzzy\disk_d","NTFS","cbba\ready\people",971346781,973762998,42356,-1162508639,445,640,0,0,3,24,0,72,100,5,11130,"038art18_copy.jpg","Фото Артема Минакова"
"System",0x60207db3,3,"\\muzzy\disk_d","NTFS","cbba\ready\people",971805501,973762998,40309,1333628780,639,414,0,0,3,24,0,100,64,5,9623,"039strit1_copy.jpg","Юный торговец жвачкой"
"System",0x60207db3,3,"\\muzzy\disk_d","NTFS","cbba\ready\people",971806531,973762998,49678,1384784809,640,416,0,0,3,24,0,100,65,5,11438,"040strit2_copy.jpg","Это не санитарки, это - школьницы"
"System",0x60207db3,3,"\\muzzy\disk_d","NTFS","cbba\ready\people",971334335,973762998,56507,-1525876592,800,540,0,0,3,24,0,100,67,5,11173,"041prazdnik29.jpg",""
"System",0x60207db3,3,"\\muzzy\disk_d","NTFS","cbba\ready\people",971787069,973762998,66651,172545797,640,480,0,0,3,24,0,100,75,5,13453,"045689139904_copy.jpg",""
"System",0x60207db3,3,"\\muzzy\disk_d","NTFS","cbba\ready\people",971791201,973762998,47706,2070611111,640,480,0,0,3,24,0,100,75,5,10176,"046689140310_copy.jpg",""
"System",0x60207db3,3,"\\muzzy\disk_d","NTFS","cbba\ready\people",971787170,973762999,40641,755417959,480,640,0,0,3,24,0,76,100,5,9587,"0470689140246_copy.jpg",""
"System",0x60207db3,3,"\\muzzy\disk_d","NTFS","cbba\ready\people",971791077,973762999,49164,-1600573847,480,640,0,0,3,24,0,76,100,5,11433,"049689140332_copy.jpg",""
"System",0x60207db3,3,"\\muzzy\disk_d","NTFS","cbba\ready\people",971798465,973762999,56661,1614390244,640,480,0,0,3,24,0,100,75,5,11414,"050689140953_copy.jpg",""
"System",0x60207db3,3,"\\muzzy\disk_d","NTFS","cbba\ready\people",971787330,973762999,50304,-1039374949,640,480,0,0,3,24,0,100,75,5,9965,"051689139975_copy.jpg",""
"System",0x60207db3,3,"\\muzzy\disk_d","NTFS","cbba\ready\people",971791662,973762999,47323,494329268,640,480,0,0,3,24,0,100,75,5,10808,"052689140857_copy.jpg",""
"System",0x60207db3,3,"\\muzzy\disk_d","NTFS","cbba\ready\people",971787260,973762999,53799,-1967120870,640,480,0,0,3,24,0,100,75,5,11739,"053689139992_copy.jpg","Собирают мусор"
"System",0x60207db3,3,"\\muzzy\disk_d","NTFS","cbba\ready\people",971798576,973762999,56587,1515249481,640,480,0,0,3,24,0,100,75,5,10635,"060689140881_copy.jpg",""
"System",0x60207db3,3,"\\muzzy\disk_d","NTFS","cbba\ready\people",971792078,973763000,43576,1117164285,480,640,0,0,3,24,0,76,100,5,9981,"061689140865_copy.jpg",""
"System",0x60207db3,3,"\\muzzy\disk_d","NTFS","cbba\ready\people",971790571,973763000,50956,-2045142527,480,640,0,0,3,24,0,76,100,5,11868,"062689140274_copy.jpg",""
"System",0x60207db3,3,"\\muzzy\disk_d","NTFS","cbba\ready\people",971787585,973763000,45858,-1323586507,480,640,0,0,3,24,0,76,100,5,11144,"063689140268_copy.jpg",""
"System",0x60207db3,3,"\\muzzy\disk_d","NTFS","cbba\ready\people",971798192,973763000,43766,1953394037,640,480,0,0,3,24,0,100,75,5,11010,"070689140976_copy.jpg",""
"System",0x60207db3,3,"\\muzzy\disk_d","NTFS","cbba\ready\people",971798360,973763000,48576,-1428514427,640,480,0,0,3,24,0,100,75,5,11485,"071689140970_copy.jpg",""
"System",0x60207db3,3,"\\muzzy\disk_d","NTFS","cbba\ready\people",972203993,973763001,42985,1766154591,640,466,0,0,3,24,0,100,72,5,10235,"072strit6_copy.jpg",""
"System",0x60207db3,3,"\\muzzy\disk_d","NTFS","cbba\ready\people",971806679,973763001,50541,473644710,640,446,0,0,3,24,0,100,69,5,10540,"073strit3_copy.jpg",""
"System",0x60207db3,3,"\\muzzy\disk_d","NTFS","cbba\ready\to_home",972824346,973763001,30879,664836279,475,640,0,0,3,24,0,76,100,5,9397,"cv17_copy.jpg","Приближаясь к Шереметьево"
"System",0x60207db3,3,"\\muzzy\disk_d","NTFS","cbba\ready\kenning",970747247,973762944,19290,50758867,640,440,0,0,3,24,0,100,68,5,8141,"wk21.jpg","Arco Iris Waterfall, Pauserna River, Noel Kempff National Park (Водопад Arco Iris, река Pauserna, Национальный парк Noel Kempff)"
"System",0x60207db3,3,"\\muzzy\disk_d","NTFS","cbba\ready\kenning",970747247,973762944,19290,50758867,640,440,0,0,3,24,0,100,68,5,8141,"wk36.jpg","Confluence of the Tahuamanu and Manuripi rivers (Слияние рек Tahuamanu и Manuripi)"
"System",0x60207db3,3,"\\muzzy\disk_d","NTFS","cbba\ready\kenning",970747247,973762944,19290,50758867,640,440,0,0,3,24,0,100,68,5,8141,"wk39.jpg","Federico Ahlfeld Watrfall, Pauserna River, Noel Kempff National Park (Водопад Federico Ahlfeld, река Pauserna, Национальный парк Noel Kempff)"
"System",0x60207db3,3,"\\muzzy\disk_d","NTFS","cbba\ready\kenning",970747247,973762944,19290,50758867,640,440,0,0,3,24,0,100,68,5,8141,"wk46.jpg","Tajibo tree in bloom (дерево Tajibo в цветении)"
"System",0x60207db3,3,"\\muzzy\disk_d","NTFS","cbba\ready\kenning",970747247,973762944,19290,50758867,640,440,0,0,3,24,0,100,68,5,8141,"wk61.jpg","Mamore River, main waterway of the country (Река Маморе, основной водный путь страны)"
"System",0x60207db3,3,"\\muzzy\disk_d","NTFS","cbba\ready\kenning",970747247,973762944,19290,50758867,640,440,0,0,3,24,0,100,68,5,8141,"wk70.jpg","Cattle post in the Mojos Savannahs (Пастбище рогатого скота в Саваннах Mojos)"
"System",0x60207db3,3,"\\muzzy\disk_d","NTFS","cbba\ready\kenning",970747247,973762944,19290,50758867,640,440,0,0,3,24,0,100,68,5,8141,"wk78.jpg","Jesuit Church of San Miquel (Церковь Иезуитов в Сан Miquel)"
"System",0x60207db3,3,"\\muzzy\disk_d","NTFS","cbba\ready\kenning",970747247,973762944,19290,50758867,640,440,0,0,3,24,0,100,68,5,8141,"wk80.jpg","Сhochis Range (Район Сhochis)"
"System",0x60207db3,3,"\\muzzy\disk_d","NTFS","cbba\ready\kenning",970747247,973762944,19290,50758867,640,440,0,0,3,24,0,100,68,5,8141,"wk81.jpg","El Porton Mountain (Гора El Porton)"
"System",0x60207db3,3,"\\muzzy\disk_d","NTFS","cbba\ready\kenning",970747247,973762944,19290,50758867,640,440,0,0,3,24,0,100,68,5,8141,"wk87.jpg","Ipias Range; in the background the ranges of Chochis and El Porton (Район Ipias, на заднем плане области Chochis и Эль-Porton)"
"System",0x60207db3,3,"\\muzzy\disk_d","NTFS","cbba\ready\kenning",970747247,973762944,19290,50758867,640,440,0,0,3,24,0,100,68,5,8141,"wk97.jpg","Сonception Lagoon (Лагуна Сonception)"
"System",0x60207db3,3,"\\muzzy\disk_d","NTFS","cbba\ready\kenning",970747247,973762944,19290,50758867,640,440,0,0,3,24,0,100,68,5,8141,"wk106.jpg","Hill country, Chaco (Горы, Chaco)"
"System",0x60207db3,3,"\\muzzy\disk_d","NTFS","cbba\ready\kenning",970747247,973762944,19290,50758867,640,440,0,0,3,24,0,100,68,5,8141,"wk108.jpg","Rilcomayo River (Река Rilcomayo)"
"System",0x60207db3,3,"\\muzzy\disk_d","NTFS","cbba\ready\kenning",970747247,973762944,19290,50758867,640,440,0,0,3,24,0,100,68,5,8141,"wk110.jpg","Preparing the soil in the spring (Весенняя подготовка почвы)"
"System",0x60207db3,3,"\\muzzy\disk_d","NTFS","cbba\ready\kenning",970747247,973762944,19290,50758867,640,440,0,0,3,24,0,100,68,5,8141,"wk111.jpg","San Jose Sait Flats (Залежи соли в Сан-Хосе)"
"System",0x60207db3,3,"\\muzzy\disk_d","NTFS","cbba\ready\kenning",970747247,973762944,19290,50758867,640,440,0,0,3,24,0,100,68,5,8141,"wk112.jpg","San Jose Sait Flats (Залежи соли в Сан-Хосе)"
"System",0x60207db3,3,"\\muzzy\disk_d","NTFS","cbba\ready\kenning",970747247,973762944,19290,50758867,640,440,0,0,3,24,0,100,68,5,8141,"wk114.jpg","In the midst of the Chaco plains rises San Miquel Mountain, close to the Paraquayan border (Гора Сан Miquel на равнине Chaco, недалеко от границы с Парагваем)"
"System",0x60207db3,3,"\\muzzy\disk_d","NTFS","cbba\ready\kenning",970747247,973762944,19290,50758867,640,440,0,0,3,24,0,100,68,5,8141,"wk116.jpg","Sunset on the Aquaraque Range (Закат в области Aquaraque)"
"System",0x60207db3,3,"\\muzzy\disk_d","NTFS","cbba\ready\kenning",970747247,973762944,19290,50758867,640,440,0,0,3,24,0,100,68,5,8141,"wk117.jpg","El Palmar Sand Dunes (Дюны Эль Palmar)"
"System",0x60207db3,3,"\\muzzy\disk_d","NTFS","cbba\ready\kenning",970747247,973762944,19290,50758867,640,440,0,0,3,24,0,100,68,5,8141,"wk122.jpg","Sorata"
"System",0x60207db3,3,"\\muzzy\disk_d","NTFS","cbba\ready\kenning",970747247,973762944,19290,50758867,640,440,0,0,3,24,0,100,68,5,8141,"wk126.jpg","Cochabamba Valley and the Tunari Mountain (Долина Кочабамбы и Гора Tunari)"
"System",0x60207db3,3,"\\muzzy\disk_d","NTFS","cbba\ready\kenning",970747247,973762944,19290,50758867,640,440,0,0,3,24,0,100,68,5,8141,"wk132.jpg","El Fuerte Ruins, Samaipata (Руины Samaipata)"
"System",0x60207db3,3,"\\muzzy\disk_d","NTFS","cbba\ready\kenning",970747247,973762944,19290,50758867,640,440,0,0,3,24,0,100,68,5,8141,"wk134.jpg","Cochabamba Valley and the Tunari Cordillera (Долина Кочабамбы и Кордильеры Tunari)"
"System",0x60207db3,3,"\\muzzy\disk_d","NTFS","cbba\ready\kenning",970747247,973762944,19290,50758867,640,440,0,0,3,24,0,100,68,5,8141,"wk146.jpg","Typical dwellings on the Cordillera of Cochabamba (Типичные жилища на Кочабамбских Кордильерах)"
"System",0x60207db3,3,"\\muzzy\disk_d","NTFS","cbba\ready\kenning",970747247,973762944,19290,50758867,640,440,0,0,3,24,0,100,68,5,8141,"wk148.jpg","Cerro de la Cueva"
"System",0x60207db3,3,"\\muzzy\disk_d","NTFS","cbba\ready\kenning",970747247,973762944,19290,50758867,640,440,0,0,3,24,0,100,68,5,8141,"wk149.jpg","Caine River (Река Caine)"
"System",0x60207db3,3,"\\muzzy\disk_d","NTFS","cbba\ready\kenning",970747247,973762944,19290,50758867,640,440,0,0,3,24,0,100,68,5,8141,"wk151.jpg","Torotoro Canyon (Каньон Torotoro)"
"System",0x60207db3,3,"\\muzzy\disk_d","NTFS","cbba\ready\kenning",970747247,973762944,19290,50758867,640,440,0,0,3,24,0,100,68,5,8141,"wk154.jpg","Potosi and the Cerro Rico Mountain (Потоси и гора Cerro Rico)"
"System",0x60207db3,3,"\\muzzy\disk_d","NTFS","cbba\ready\kenning",970747247,973762944,19290,50758867,640,440,0,0,3,24,0,100,68,5,8141,"wk163.jpg","Coroico and a snow-capped peak of the Cordillera Real (Короико и снежный пик Cordillera Real)"
"System",0x60207db3,3,"\\muzzy\disk_d","NTFS","cbba\ready\kenning",970747247,973762944,19290,50758867,640,440,0,0,3,24,0,100,68,5,8141,"wk164.jpg","Surutu River waterfalls (Речные водопады Surutu)"
"System",0x60207db3,3,"\\muzzy\disk_d","NTFS","cbba\ready\kenning",970747247,973762944,19290,50758867,640,440,0,0,3,24,0,100,68,5,8141,"wk166.jpg","Dry forest of the Asariamas Valley and the Tuichi River (Сухие леса в долине Asariamas и реки Tuichi)"
"System",0x60207db3,3,"\\muzzy\disk_d","NTFS","cbba\ready\kenning",970747247,973762944,19290,50758867,640,440,0,0,3,24,0,100,68,5,8141,"wk173.jpg","Iniricarsama Range with a backdrop showing the mountains chain separating Yungas from the dry valleys (Область Iniricarsama на фоне цепочки гор, отделяющих Yungas от сухих долин)"
"System",0x60207db3,3,"\\muzzy\disk_d","NTFS","cbba\ready\kenning",970747247,973762944,19290,50758867,640,440,0,0,3,24,0,100,68,5,8141,"wk174.jpg","Confluence of the Kaka, Tipuani and Challana rivers oat Guanayn (Слияние рек Kaka, Tipuani и Challana в Guanay)"
"System",0x60207db3,3,"\\muzzy\disk_d","NTFS","cbba\ready\kenning",970747247,973762944,19290,50758867,640,440,0,0,3,24,0,100,68,5,8141,"wk175.jpg","The towns of San Buenaventura and Rurrenabaqu, where the Beni River drops onto the Benian flatlands (Города San Buenaventura и Rurrenabaquе, по берегам реки Beni на плоскогорье Benian)"
"System",0x60207db3,3,"\\muzzy\disk_d","NTFS","cbba\ready\kenning",970747247,973762944,19290,50758867,640,440,0,0,3,24,0,100,68,5,8141,"wk177.jpg","Mamuque Range (Область Mamuque)"
"System",0x60207db3,3,"\\muzzy\disk_d","NTFS","cbba\ready\kenning",970747247,973762944,19290,50758867,640,440,0,0,3,24,0,100,68,5,8141,"wk179.jpg","Sajama Volcano (Вулкан Sajama)"
"System",0x60207db3,3,"\\muzzy\disk_d","NTFS","cbba\ready\kenning",970747247,973762944,19290,50758867,640,440,0,0,3,24,0,100,68,5,8141,"wk182.jpg","Totora boat on Lake Titicaca (Лодка totora на Озере Титикака)"
"System",0x60207db3,3,"\\muzzy\disk_d","NTFS","cbba\ready\kenning",970747247,973762944,19290,50758867,640,440,0,0,3,24,0,100,68,5,8141,"wk187.jpg","Сhallapata Peninsula, Lake Titicaca (Полуостров Сhallapata, oзеро Титикака)"
"System",0x60207db3,3,"\\muzzy\disk_d","NTFS","cbba\ready\kenning",970747247,973762944,19290,50758867,640,440,0,0,3,24,0,100,68,5,8141,"wk188.jpg","Tholoma Grande Mountain (15,242 feet) in Sud Lipez region (Большая Гора Tholoma (15,242 футов) в районе Sud Lipez)"
"System",0x60207db3,3,"\\muzzy\disk_d","NTFS","cbba\ready\kenning",970747247,973762944,19290,50758867,640,440,0,0,3,24,0,100,68,5,8141,"wk190.jpg","An Altiplano chapel (Часовня в Altiplano)"
"System",0x60207db3,3,"\\muzzy\disk_d","NTFS","cbba\ready\kenning",970747247,973762944,19290,50758867,640,440,0,0,3,24,0,100,68,5,8141,"wk191.jpg","Letania Church with Illimani Peak in the background (Церковь Letania на фоне вершины Illimani (6485м))"
"System",0x60207db3,3,"\\muzzy\disk_d","NTFS","cbba\ready\kenning",970747247,973762944,19290,50758867,640,440,0,0,3,24,0,100,68,5,8141,"wk192.jpg","Tiahuanaco Ruins, centre of an ancient Altiplano culture (Руины Tiahuanaco, центр древней культуры)"
"System",0x60207db3,3,"\\muzzy\disk_d","NTFS","cbba\ready\kenning",970747247,973762944,19290,50758867,640,440,0,0,3,24,0,100,68,5,8141,"wk196.jpg","Curious shapes of Chipaya dwellings near the Lauca River (Жилища Chipaya около реки Lauca)"
"System",0x60207db3,3,"\\muzzy\disk_d","NTFS","cbba\ready\kenning",970747247,973762944,19290,50758867,640,440,0,0,3,24,0,100,68,5,8141,"wk201.jpg","Altiplano ranch of the Aymara people, shepherds of llamas and alpacas in the boglands south of the Sajama River (Ранчо Altiplano индейцев Aymara, пасущих лам и альпако в болотистой местности к югу от реки Sajama)"
"System",0x60207db3,3,"\\muzzy\disk_d","NTFS","cbba\ready\kenning",970747247,973762944,19290,50758867,640,440,0,0,3,24,0,100,68,5,8141,"wk202.jpg","Uyuni Salt Flats (Соляные месторождения Uyuni)"
"System",0x60207db3,3,"\\muzzy\disk_d","NTFS","cbba\ready\kenning",970747247,973762944,19290,50758867,640,440,0,0,3,24,0,100,68,5,8141,"wk204.jpg","The Payachatas volcanoes.jpg","Parinacota and Pomerape.jpg","with Quisi Qisini Mountain in the foreground (Вулканы в Payachatas.jpg","Parinacota и Pomerape.jpg","с горой Quisi Qisini на переднем плане)"
"System",0x60207db3,3,"\\muzzy\disk_d","NTFS","cbba\ready\kenning",970747247,973762944,19290,50758867,640,440,0,0,3,24,0,100,68,5,8141,"wk215.jpg","Huayana Potosi Peak in the Cordillera Real (Пик Huayana Potosi в Cordillera Real)"
